# JRE version: OpenJDK Runtime Environment (11.0.5+10) (build 11.0.5+10)
# Java VM: OpenJDK 64-Bit Server VM (11.0.5+10, mixed mode, tiered, compressed oops, g1 gc, windows-amd64)
Heap:
 garbage-first heap   total 743424K, used 426492K [0x0000000602c00000, 0x0000000800000000)
  region size 2048K, 10 young (20480K), 7 survivors (14336K)
 Metaspace       used 29184K, capacity 29973K, committed 30336K, reserved 1075200K
  class space    used 3584K, capacity 3946K, committed 3968K, reserved 1048576K
GC Heap History (18 events):
Event: 0.564 GC heap before
{Heap before GC invocations=0 (full 0):
 garbage-first heap   total 522240K, used 24576K [0x0000000602c00000, 0x0000000800000000)
  region size 2048K, 12 young (24576K), 0 survivors (0K)
 Metaspace       used 13721K, capacity 14061K, committed 14336K, reserved 1062912K
  class space    used 1568K, capacity 1697K, committed 1792K, reserved 1048576K
}
Event: 0.566 GC heap after
{Heap after GC invocations=1 (full 0):
 garbage-first heap   total 522240K, used 5557K [0x0000000602c00000, 0x0000000800000000)
  region size 2048K, 2 young (4096K), 2 survivors (4096K)
 Metaspace       used 13721K, capacity 14061K, committed 14336K, reserved 1062912K
  class space    used 1568K, capacity 1697K, committed 1792K, reserved 1048576K
}
Event: 0.767 GC heap before
{Heap before GC invocations=1 (full 0):
 garbage-first heap   total 522240K, used 19893K [0x0000000602c00000, 0x0000000800000000)
  region size 2048K, 10 young (20480K), 2 survivors (4096K)
 Metaspace       used 20556K, capacity 21121K, committed 21248K, reserved 1067008K
  class space    used 2482K, capacity 2747K, committed 2816K, reserved 1048576K
}
Event: 0.770 GC heap after
{Heap after GC invocations=2 (full 0):
 garbage-first heap   total 522240K, used 8192K [0x0000000602c00000, 0x0000000800000000)
  region size 2048K, 3 young (6144K), 3 survivors (6144K)
 Metaspace       used 20556K, capacity 21121K, committed 21248K, reserved 1067008K
  class space    used 2482K, capacity 2747K, committed 2816K, reserved 1048576K
}
Event: 0.792 GC heap before
{Heap before GC invocations=3 (full 0):
 garbage-first heap   total 522240K, used 63488K [0x0000000602c00000, 0x0000000800000000)
  region size 2048K, 31 young (63488K), 3 survivors (6144K)
 Metaspace       used 20757K, capacity 21387K, committed 21632K, reserved 1069056K
  class space    used 2524K, capacity 2837K, committed 2944K, reserved 1048576K
}
Event: 0.803 GC heap after
{Heap after GC invocations=4 (full 0):
 garbage-first heap   total 522240K, used 62964K [0x0000000602c00000, 0x0000000800000000)
  region size 2048K, 4 young (8192K), 4 survivors (8192K)
 Metaspace       used 20757K, capacity 21387K, committed 21632K, reserved 1069056K
  class space    used 2524K, capacity 2837K, committed 2944K, reserved 1048576K
}
Event: 0.805 GC heap before
{Heap before GC invocations=4 (full 0):
 garbage-first heap   total 522240K, used 103924K [0x0000000602c00000, 0x0000000800000000)
  region size 2048K, 25 young (51200K), 4 survivors (8192K)
 Metaspace       used 20757K, capacity 21387K, committed 21632K, reserved 1069056K
  class space    used 2524K, capacity 2837K, committed 2944K, reserved 1048576K
}
Event: 0.813 GC heap after
{Heap after GC invocations=5 (full 0):
 garbage-first heap   total 522240K, used 105972K [0x0000000602c00000, 0x0000000800000000)
  region size 2048K, 4 young (8192K), 4 survivors (8192K)
 Metaspace       used 20757K, capacity 21387K, committed 21632K, reserved 1069056K
  class space    used 2524K, capacity 2837K, committed 2944K, reserved 1048576K
}
Event: 0.816 GC heap before
{Heap before GC invocations=5 (full 0):
 garbage-first heap   total 522240K, used 153076K [0x0000000602c00000, 0x0000000800000000)
  region size 2048K, 28 young (57344K), 4 survivors (8192K)
 Metaspace       used 20757K, capacity 21387K, committed 21632K, reserved 1069056K
  class space    used 2524K, capacity 2837K, committed 2944K, reserved 1048576K
}
Event: 0.824 GC heap after
{Heap after GC invocations=6 (full 0):
 garbage-first heap   total 522240K, used 154851K [0x0000000602c00000, 0x0000000800000000)
  region size 2048K, 4 young (8192K), 4 survivors (8192K)
 Metaspace       used 20757K, capacity 21387K, committed 21632K, reserved 1069056K
  class space    used 2524K, capacity 2837K, committed 2944K, reserved 1048576K
}
Event: 0.829 GC heap before
{Heap before GC invocations=6 (full 0):
 garbage-first heap   total 522240K, used 214243K [0x0000000602c00000, 0x0000000800000000)
  region size 2048K, 33 young (67584K), 4 survivors (8192K)
 Metaspace       used 20757K, capacity 21387K, committed 21632K, reserved 1069056K
  class space    used 2524K, capacity 2837K, committed 2944K, reserved 1048576K
}
Event: 0.841 GC heap after
{Heap after GC invocations=7 (full 0):
 garbage-first heap   total 743424K, used 214243K [0x0000000602c00000, 0x0000000800000000)
  region size 2048K, 5 young (10240K), 5 survivors (10240K)
 Metaspace       used 20757K, capacity 21387K, committed 21632K, reserved 1069056K
  class space    used 2524K, capacity 2837K, committed 2944K, reserved 1048576K
}
Event: 0.861 GC heap before
{Heap before GC invocations=7 (full 0):
 garbage-first heap   total 743424K, used 290019K [0x0000000602c00000, 0x0000000800000000)
  region size 2048K, 42 young (86016K), 5 survivors (10240K)
 Metaspace       used 20757K, capacity 21387K, committed 21632K, reserved 1069056K
  class space    used 2524K, capacity 2837K, committed 2944K, reserved 1048576K
}
Event: 0.874 GC heap after
{Heap after GC invocations=8 (full 0):
 garbage-first heap   total 743424K, used 290019K [0x0000000602c00000, 0x0000000800000000)
  region size 2048K, 6 young (12288K), 6 survivors (12288K)
 Metaspace       used 20757K, capacity 21387K, committed 21632K, reserved 1069056K
  class space    used 2524K, capacity 2837K, committed 2944K, reserved 1048576K
}
Event: 0.882 GC heap before
{Heap before GC invocations=8 (full 0):
 garbage-first heap   total 743424K, used 384227K [0x0000000602c00000, 0x0000000800000000)
  region size 2048K, 52 young (106496K), 6 survivors (12288K)
 Metaspace       used 20757K, capacity 21387K, committed 21632K, reserved 1069056K
  class space    used 2524K, capacity 2837K, committed 2944K, reserved 1048576K
}
Event: 0.897 GC heap after
{Heap after GC invocations=9 (full 0):
 garbage-first heap   total 743424K, used 384266K [0x0000000602c00000, 0x0000000800000000)
  region size 2048K, 7 young (14336K), 7 survivors (14336K)
 Metaspace       used 20757K, capacity 21387K, committed 21632K, reserved 1069056K
  class space    used 2524K, capacity 2837K, committed 2944K, reserved 1048576K
}
Event: 1.224 GC heap before
{Heap before GC invocations=9 (full 0):
 garbage-first heap   total 743424K, used 421130K [0x0000000602c00000, 0x0000000800000000)
  region size 2048K, 26 young (53248K), 7 survivors (14336K)
 Metaspace       used 27295K, capacity 28094K, committed 28160K, reserved 1073152K
  class space    used 3445K, capacity 3799K, committed 3840K, reserved 1048576K
}
Event: 1.229 GC heap after
{Heap after GC invocations=10 (full 0):
 garbage-first heap   total 743424K, used 408060K [0x0000000602c00000, 0x0000000800000000)
  region size 2048K, 7 young (14336K), 7 survivors (14336K)
 Metaspace       used 27295K, capacity 28094K, committed 28160K, reserved 1073152K
  class space    used 3445K, capacity 3799K, committed 3840K, reserved 1048576K
}

