# JRE version: OpenJDK Runtime Environment (11.0.5+10) (build 11.0.5+10)
# Java VM: OpenJDK 64-Bit Server VM (11.0.5+10, mixed mode, tiered, compressed oops, g1 gc, windows-amd64)
Heap:
 garbage-first heap   total 739328K, used 426766K [0x0000000602c00000, 0x0000000800000000)
  region size 2048K, 10 young (20480K), 7 survivors (14336K)
 Metaspace       used 29080K, capacity 29827K, committed 30080K, reserved 1075200K
  class space    used 3580K, capacity 3939K, committed 3968K, reserved 1048576K
GC Heap History (18 events):
Event: 0.575 GC heap before
{Heap before GC invocations=0 (full 0):
 garbage-first heap   total 522240K, used 24576K [0x0000000602c00000, 0x0000000800000000)
  region size 2048K, 12 young (24576K), 0 survivors (0K)
 Metaspace       used 13751K, capacity 14061K, committed 14336K, reserved 1062912K
  class space    used 1574K, capacity 1697K, committed 1792K, reserved 1048576K
}
Event: 0.578 GC heap after
{Heap after GC invocations=1 (full 0):
 garbage-first heap   total 522240K, used 5475K [0x0000000602c00000, 0x0000000800000000)
  region size 2048K, 2 young (4096K), 2 survivors (4096K)
 Metaspace       used 13751K, capacity 14061K, committed 14336K, reserved 1062912K
  class space    used 1574K, capacity 1697K, committed 1792K, reserved 1048576K
}
Event: 0.772 GC heap before
{Heap before GC invocations=1 (full 0):
 garbage-first heap   total 522240K, used 21859K [0x0000000602c00000, 0x0000000800000000)
  region size 2048K, 11 young (22528K), 2 survivors (4096K)
 Metaspace       used 20571K, capacity 21126K, committed 21248K, reserved 1067008K
  class space    used 2486K, capacity 2749K, committed 2816K, reserved 1048576K
}
Event: 0.775 GC heap after
{Heap after GC invocations=2 (full 0):
 garbage-first heap   total 522240K, used 8187K [0x0000000602c00000, 0x0000000800000000)
  region size 2048K, 3 young (6144K), 3 survivors (6144K)
 Metaspace       used 20571K, capacity 21126K, committed 21248K, reserved 1067008K
  class space    used 2486K, capacity 2749K, committed 2816K, reserved 1048576K
}
Event: 0.796 GC heap before
{Heap before GC invocations=3 (full 0):
 garbage-first heap   total 522240K, used 67579K [0x0000000602c00000, 0x0000000800000000)
  region size 2048K, 33 young (67584K), 3 survivors (6144K)
 Metaspace       used 20730K, capacity 21448K, committed 21632K, reserved 1069056K
  class space    used 2521K, capacity 2836K, committed 2944K, reserved 1048576K
}
Event: 0.806 GC heap after
{Heap after GC invocations=4 (full 0):
 garbage-first heap   total 522240K, used 67740K [0x0000000602c00000, 0x0000000800000000)
  region size 2048K, 5 young (10240K), 5 survivors (10240K)
 Metaspace       used 20730K, capacity 21448K, committed 21632K, reserved 1069056K
  class space    used 2521K, capacity 2836K, committed 2944K, reserved 1048576K
}
Event: 0.809 GC heap before
{Heap before GC invocations=4 (full 0):
 garbage-first heap   total 522240K, used 108700K [0x0000000602c00000, 0x0000000800000000)
  region size 2048K, 26 young (53248K), 5 survivors (10240K)
 Metaspace       used 20730K, capacity 21448K, committed 21632K, reserved 1069056K
  class space    used 2521K, capacity 2836K, committed 2944K, reserved 1048576K
}
Event: 0.817 GC heap after
{Heap after GC invocations=5 (full 0):
 garbage-first heap   total 522240K, used 110866K [0x0000000602c00000, 0x0000000800000000)
  region size 2048K, 4 young (8192K), 4 survivors (8192K)
 Metaspace       used 20730K, capacity 21448K, committed 21632K, reserved 1069056K
  class space    used 2521K, capacity 2836K, committed 2944K, reserved 1048576K
}
Event: 0.819 GC heap before
{Heap before GC invocations=5 (full 0):
 garbage-first heap   total 522240K, used 153874K [0x0000000602c00000, 0x0000000800000000)
  region size 2048K, 26 young (53248K), 4 survivors (8192K)
 Metaspace       used 20730K, capacity 21448K, committed 21632K, reserved 1069056K
  class space    used 2521K, capacity 2836K, committed 2944K, reserved 1048576K
}
Event: 0.827 GC heap after
{Heap after GC invocations=6 (full 0):
 garbage-first heap   total 522240K, used 155632K [0x0000000602c00000, 0x0000000800000000)
  region size 2048K, 4 young (8192K), 4 survivors (8192K)
 Metaspace       used 20730K, capacity 21448K, committed 21632K, reserved 1069056K
  class space    used 2521K, capacity 2836K, committed 2944K, reserved 1048576K
}
Event: 0.830 GC heap before
{Heap before GC invocations=6 (full 0):
 garbage-first heap   total 522240K, used 208880K [0x0000000602c00000, 0x0000000800000000)
  region size 2048K, 31 young (63488K), 4 survivors (8192K)
 Metaspace       used 20730K, capacity 21448K, committed 21632K, reserved 1069056K
  class space    used 2521K, capacity 2836K, committed 2944K, reserved 1048576K
}
Event: 0.842 GC heap after
{Heap after GC invocations=7 (full 0):
 garbage-first heap   total 739328K, used 210772K [0x0000000602c00000, 0x0000000800000000)
  region size 2048K, 4 young (8192K), 4 survivors (8192K)
 Metaspace       used 20730K, capacity 21448K, committed 21632K, reserved 1069056K
  class space    used 2521K, capacity 2836K, committed 2944K, reserved 1048576K
}
Event: 0.861 GC heap before
{Heap before GC invocations=7 (full 0):
 garbage-first heap   total 739328K, used 282452K [0x0000000602c00000, 0x0000000800000000)
  region size 2048K, 39 young (79872K), 4 survivors (8192K)
 Metaspace       used 20730K, capacity 21448K, committed 21632K, reserved 1069056K
  class space    used 2521K, capacity 2836K, committed 2944K, reserved 1048576K
}
Event: 0.873 GC heap after
{Heap after GC invocations=8 (full 0):
 garbage-first heap   total 739328K, used 282452K [0x0000000602c00000, 0x0000000800000000)
  region size 2048K, 5 young (10240K), 5 survivors (10240K)
 Metaspace       used 20730K, capacity 21448K, committed 21632K, reserved 1069056K
  class space    used 2521K, capacity 2836K, committed 2944K, reserved 1048576K
}
Event: 0.882 GC heap before
{Heap before GC invocations=8 (full 0):
 garbage-first heap   total 739328K, used 374612K [0x0000000602c00000, 0x0000000800000000)
  region size 2048K, 50 young (102400K), 5 survivors (10240K)
 Metaspace       used 20730K, capacity 21448K, committed 21632K, reserved 1069056K
  class space    used 2521K, capacity 2836K, committed 2944K, reserved 1048576K
}
Event: 0.897 GC heap after
{Heap after GC invocations=9 (full 0):
 garbage-first heap   total 739328K, used 374612K [0x0000000602c00000, 0x0000000800000000)
  region size 2048K, 7 young (14336K), 7 survivors (14336K)
 Metaspace       used 20730K, capacity 21448K, committed 21632K, reserved 1069056K
  class space    used 2521K, capacity 2836K, committed 2944K, reserved 1048576K
}
Event: 1.221 GC heap before
{Heap before GC invocations=9 (full 0):
 garbage-first heap   total 739328K, used 419668K [0x0000000602c00000, 0x0000000800000000)
  region size 2048K, 30 young (61440K), 7 survivors (14336K)
 Metaspace       used 27220K, capacity 27960K, committed 28160K, reserved 1073152K
  class space    used 3444K, capacity 3797K, committed 3840K, reserved 1048576K
}
Event: 1.228 GC heap after
{Heap after GC invocations=10 (full 0):
 garbage-first heap   total 739328K, used 408334K [0x0000000602c00000, 0x0000000800000000)
  region size 2048K, 7 young (14336K), 7 survivors (14336K)
 Metaspace       used 27220K, capacity 27960K, committed 28160K, reserved 1073152K
  class space    used 3444K, capacity 3797K, committed 3840K, reserved 1048576K
}

